build/app/intermediates/manifest_merge_blame_file/release/processReleaseMainManifest/manifest-merger-blame-release-report.txt
1<?xml version="1.0" encoding="utf-8"?>
2<manifest xmlns:android="http://schemas.android.com/apk/res/android"
3    package="com.example.satoshi_index"
4    android:versionCode="1"
5    android:versionName="1.0.0" >
6
7    <uses-sdk
8        android:minSdkVersion="21"
9        android:targetSdkVersion="35" />
10
11    <uses-permission android:name="android.permission.INTERNET" />
11-->src/main/AndroidManifest.xml:3:5-66
11-->src/main/AndroidManifest.xml:3:22-64
12
13    <queries>
13-->src/main/AndroidManifest.xml:5:5-16:15
14        <intent>
14-->src/main/AndroidManifest.xml:6:5-10:14
15            <action android:name="android.intent.action.VIEW" />
15-->src/main/AndroidManifest.xml:7:9-61
15-->src/main/AndroidManifest.xml:7:17-58
16
17            <category android:name="android.intent.category.BROWSABLE" />
17-->src/main/AndroidManifest.xml:8:9-70
17-->src/main/AndroidManifest.xml:8:19-67
18
19            <data android:scheme="http" />
19-->src/main/AndroidManifest.xml:9:9-39
19-->src/main/AndroidManifest.xml:9:15-36
20        </intent>
21        <intent>
21-->src/main/AndroidManifest.xml:11:5-15:14
22            <action android:name="android.intent.action.VIEW" />
22-->src/main/AndroidManifest.xml:7:9-61
22-->src/main/AndroidManifest.xml:7:17-58
23
24            <category android:name="android.intent.category.BROWSABLE" />
24-->src/main/AndroidManifest.xml:8:9-70
24-->src/main/AndroidManifest.xml:8:19-67
25
26            <data android:scheme="https" />
26-->src/main/AndroidManifest.xml:9:9-39
26-->src/main/AndroidManifest.xml:9:15-36
27        </intent>
28    </queries>
29
30    <!-- Intent query pour PROCESS_TEXT -->
31    <queries>
31-->src/main/AndroidManifest.xml:5:5-16:15
32        <intent>
32-->src/main/AndroidManifest.xml:70:9-73:18
33            <action android:name="android.intent.action.PROCESS_TEXT" />
33-->src/main/AndroidManifest.xml:71:13-72
33-->src/main/AndroidManifest.xml:71:21-70
34
35            <data android:mimeType="text/plain" />
35-->src/main/AndroidManifest.xml:9:9-39
35-->src/main/AndroidManifest.xml:72:19-48
36        </intent>
37    </queries>
38
39    <permission
39-->[androidx.core:core:1.13.1] AndroidManifest.xml:22:5-24:47
40        android:name="com.example.satoshi_index.DYNAMIC_RECEIVER_NOT_EXPORTED_PERMISSION"
40-->[androidx.core:core:1.13.1] AndroidManifest.xml:23:9-81
41        android:protectionLevel="signature" />
41-->[androidx.core:core:1.13.1] AndroidManifest.xml:24:9-44
42
43    <uses-permission android:name="com.example.satoshi_index.DYNAMIC_RECEIVER_NOT_EXPORTED_PERMISSION" />
43-->[androidx.core:core:1.13.1] AndroidManifest.xml:26:5-97
43-->[androidx.core:core:1.13.1] AndroidManifest.xml:26:22-94
44
45    <application
46        android:name="android.app.Application"
46-->src/main/AndroidManifest.xml:20:9-42
47        android:appComponentFactory="androidx.core.app.CoreComponentFactory"
47-->[androidx.core:core:1.13.1] AndroidManifest.xml:28:18-86
48        android:extractNativeLibs="true"
49        android:icon="@mipmap/ic_launcher"
49-->src/main/AndroidManifest.xml:21:9-43
50        android:label="Satoshi Index" >
50-->src/main/AndroidManifest.xml:19:9-38
51
52        <!-- Activité principale -->
53        <activity
53-->src/main/AndroidManifest.xml:24:9-40:20
54            android:name="com.example.satoshi_index.MainActivity"
54-->src/main/AndroidManifest.xml:25:13-41
55            android:configChanges="orientation|keyboardHidden|keyboard|screenSize|smallestScreenSize|locale|layoutDirection|fontScale|screenLayout|density|uiMode"
55-->src/main/AndroidManifest.xml:30:13-163
56            android:exported="true"
56-->src/main/AndroidManifest.xml:26:13-36
57            android:hardwareAccelerated="true"
57-->src/main/AndroidManifest.xml:31:13-47
58            android:launchMode="singleTop"
58-->src/main/AndroidManifest.xml:27:13-43
59            android:taskAffinity=""
59-->src/main/AndroidManifest.xml:28:13-36
60            android:theme="@style/LaunchTheme"
60-->src/main/AndroidManifest.xml:29:13-47
61            android:windowSoftInputMode="adjustResize" >
61-->src/main/AndroidManifest.xml:32:13-55
62            <meta-data
62-->src/main/AndroidManifest.xml:33:13-35:57
63                android:name="io.flutter.embedding.android.NormalTheme"
63-->src/main/AndroidManifest.xml:34:17-72
64                android:resource="@style/NormalTheme" />
64-->src/main/AndroidManifest.xml:35:17-54
65
66            <intent-filter>
66-->src/main/AndroidManifest.xml:36:13-39:29
67                <action android:name="android.intent.action.MAIN" />
67-->src/main/AndroidManifest.xml:37:17-68
67-->src/main/AndroidManifest.xml:37:25-66
68
69                <category android:name="android.intent.category.LAUNCHER" />
69-->src/main/AndroidManifest.xml:38:17-76
69-->src/main/AndroidManifest.xml:38:27-74
70            </intent-filter>
71        </activity>
72
73        <!-- Widget Baguette -->
74        <receiver
74-->src/main/AndroidManifest.xml:45:9-54:20
75            android:name="com.example.satoshi_index.widgets.BaguetteWidgetProvider"
75-->src/main/AndroidManifest.xml:46:13-59
76            android:exported="false" >
76-->src/main/AndroidManifest.xml:47:13-37
77            <intent-filter>
77-->src/main/AndroidManifest.xml:48:13-50:29
78                <action android:name="android.appwidget.action.APPWIDGET_UPDATE" />
78-->src/main/AndroidManifest.xml:49:17-84
78-->src/main/AndroidManifest.xml:49:25-81
79            </intent-filter>
80
81            <meta-data
81-->src/main/AndroidManifest.xml:51:13-53:64
82                android:name="android.appwidget.provider"
82-->src/main/AndroidManifest.xml:52:17-58
83                android:resource="@xml/baguette_widget_info" />
83-->src/main/AndroidManifest.xml:53:17-61
84        </receiver>
85
86        <!-- RemoteViewsService pour texte stylé -->
87        <service
87-->src/main/AndroidManifest.xml:57:9-60:40
88            android:name="com.example.satoshi_index.widgets.StyledPriceViewsService"
88-->src/main/AndroidManifest.xml:58:13-60
89            android:exported="false"
89-->src/main/AndroidManifest.xml:60:13-37
90            android:permission="android.permission.BIND_REMOTEVIEWS" />
90-->src/main/AndroidManifest.xml:59:13-69
91
92        <!-- Metadata plugin Flutter -->
93        <meta-data
93-->src/main/AndroidManifest.xml:63:9-65:33
94            android:name="flutterEmbedding"
94-->src/main/AndroidManifest.xml:64:13-44
95            android:value="2" />
95-->src/main/AndroidManifest.xml:65:13-30
96
97        <activity
97-->[:url_launcher_android] AndroidManifest.xml:8:9-11:74
98            android:name="io.flutter.plugins.urllauncher.WebViewActivity"
98-->[:url_launcher_android] AndroidManifest.xml:9:13-74
99            android:exported="false"
99-->[:url_launcher_android] AndroidManifest.xml:10:13-37
100            android:theme="@android:style/Theme.NoTitleBar.Fullscreen" />
100-->[:url_launcher_android] AndroidManifest.xml:11:13-71
101
102        <uses-library
102-->[androidx.window:window:1.2.0] AndroidManifest.xml:23:9-25:40
103            android:name="androidx.window.extensions"
103-->[androidx.window:window:1.2.0] AndroidManifest.xml:24:13-54
104            android:required="false" />
104-->[androidx.window:window:1.2.0] AndroidManifest.xml:25:13-37
105        <uses-library
105-->[androidx.window:window:1.2.0] AndroidManifest.xml:26:9-28:40
106            android:name="androidx.window.sidecar"
106-->[androidx.window:window:1.2.0] AndroidManifest.xml:27:13-51
107            android:required="false" />
107-->[androidx.window:window:1.2.0] AndroidManifest.xml:28:13-37
108
109        <provider
109-->[androidx.lifecycle:lifecycle-process:2.7.0] AndroidManifest.xml:24:9-32:20
110            android:name="androidx.startup.InitializationProvider"
110-->[androidx.lifecycle:lifecycle-process:2.7.0] AndroidManifest.xml:25:13-67
111            android:authorities="com.example.satoshi_index.androidx-startup"
111-->[androidx.lifecycle:lifecycle-process:2.7.0] AndroidManifest.xml:26:13-68
112            android:exported="false" >
112-->[androidx.lifecycle:lifecycle-process:2.7.0] AndroidManifest.xml:27:13-37
113            <meta-data
113-->[androidx.lifecycle:lifecycle-process:2.7.0] AndroidManifest.xml:29:13-31:52
114                android:name="androidx.lifecycle.ProcessLifecycleInitializer"
114-->[androidx.lifecycle:lifecycle-process:2.7.0] AndroidManifest.xml:30:17-78
115                android:value="androidx.startup" />
115-->[androidx.lifecycle:lifecycle-process:2.7.0] AndroidManifest.xml:31:17-49
116            <meta-data
116-->[androidx.profileinstaller:profileinstaller:1.3.1] AndroidManifest.xml:29:13-31:52
117                android:name="androidx.profileinstaller.ProfileInstallerInitializer"
117-->[androidx.profileinstaller:profileinstaller:1.3.1] AndroidManifest.xml:30:17-85
118                android:value="androidx.startup" />
118-->[androidx.profileinstaller:profileinstaller:1.3.1] AndroidManifest.xml:31:17-49
119        </provider>
120
121        <receiver
121-->[androidx.profileinstaller:profileinstaller:1.3.1] AndroidManifest.xml:34:9-52:20
122            android:name="androidx.profileinstaller.ProfileInstallReceiver"
122-->[androidx.profileinstaller:profileinstaller:1.3.1] AndroidManifest.xml:35:13-76
123            android:directBootAware="false"
123-->[androidx.profileinstaller:profileinstaller:1.3.1] AndroidManifest.xml:36:13-44
124            android:enabled="true"
124-->[androidx.profileinstaller:profileinstaller:1.3.1] AndroidManifest.xml:37:13-35
125            android:exported="true"
125-->[androidx.profileinstaller:profileinstaller:1.3.1] AndroidManifest.xml:38:13-36
126            android:permission="android.permission.DUMP" >
126-->[androidx.profileinstaller:profileinstaller:1.3.1] AndroidManifest.xml:39:13-57
127            <intent-filter>
127-->[androidx.profileinstaller:profileinstaller:1.3.1] AndroidManifest.xml:40:13-42:29
128                <action android:name="androidx.profileinstaller.action.INSTALL_PROFILE" />
128-->[androidx.profileinstaller:profileinstaller:1.3.1] AndroidManifest.xml:41:17-91
128-->[androidx.profileinstaller:profileinstaller:1.3.1] AndroidManifest.xml:41:25-88
129            </intent-filter>
130            <intent-filter>
130-->[androidx.profileinstaller:profileinstaller:1.3.1] AndroidManifest.xml:43:13-45:29
131                <action android:name="androidx.profileinstaller.action.SKIP_FILE" />
131-->[androidx.profileinstaller:profileinstaller:1.3.1] AndroidManifest.xml:44:17-85
131-->[androidx.profileinstaller:profileinstaller:1.3.1] AndroidManifest.xml:44:25-82
132            </intent-filter>
133            <intent-filter>
133-->[androidx.profileinstaller:profileinstaller:1.3.1] AndroidManifest.xml:46:13-48:29
134                <action android:name="androidx.profileinstaller.action.SAVE_PROFILE" />
134-->[androidx.profileinstaller:profileinstaller:1.3.1] AndroidManifest.xml:47:17-88
134-->[androidx.profileinstaller:profileinstaller:1.3.1] AndroidManifest.xml:47:25-85
135            </intent-filter>
136            <intent-filter>
136-->[androidx.profileinstaller:profileinstaller:1.3.1] AndroidManifest.xml:49:13-51:29
137                <action android:name="androidx.profileinstaller.action.BENCHMARK_OPERATION" />
137-->[androidx.profileinstaller:profileinstaller:1.3.1] AndroidManifest.xml:50:17-95
137-->[androidx.profileinstaller:profileinstaller:1.3.1] AndroidManifest.xml:50:25-92
138            </intent-filter>
139        </receiver>
140    </application>
141
142</manifest>